<?xml version="1.0" encoding="UTF-8"?>
<!-- Generated by org.testng.reporters.JUnitXMLReporter -->
<testsuite ignored="0" hostname="DESKTOP-5GI3OCP" failures="0" tests="2" name="Test" time="1.508" errors="0" timestamp="10 Dec. 2020 22:58:35 GMT">
  <testcase classname="test.LoginTest" name="@BeforeMethod beforeMethod" time="1.477">
    <failure type="org.openqa.selenium.SessionNotCreatedException" message="session not created: This version of ChromeDriver only supports Chrome version 85
Build info: version: &amp;apos;3.141.59&amp;apos;, revision: &amp;apos;e82be7d358&amp;apos;, time: &amp;apos;2018-11-14T08:17:03&amp;apos;
System info: host: &amp;apos;DESKTOP-5GI3OCP&amp;apos;, ip: &amp;apos;192.168.2.57&amp;apos;, os.name: &amp;apos;Windows 10&amp;apos;, os.arch: &amp;apos;amd64&amp;apos;, os.version: &amp;apos;10.0&amp;apos;, java.version: &amp;apos;14.0.2&amp;apos;
Driver info: driver.version: ChromeDriver
remote stacktrace: Backtrace:
	Ordinal0 [0x0093D383+3134339]
	Ordinal0 [0x0082A171+2007409]
	Ordinal0 [0x006CAEE8+569064]
	Ordinal0 [0x0065139F+70559]
	Ordinal0 [0x0064CC63+52323]
	Ordinal0 [0x00670DFC+200188]
	Ordinal0 [0x00670C1D+199709]
	Ordinal0 [0x0066EB0B+191243]
	Ordinal0 [0x00652E77+77431]
	Ordinal0 [0x00653E3E+81470]
	Ordinal0 [0x00653DC9+81353]
	Ordinal0 [0x00840CD9+2100441]
	GetHandleVerifier [0x00AAB75A+1396954]
	GetHandleVerifier [0x00AAB3D9+1396057]
	GetHandleVerifier [0x00AB7126+1444518]
	GetHandleVerifier [0x00AABCE8+1398376]
	Ordinal0 [0x00837F51+2064209]
	Ordinal0 [0x008422EB+2106091]
	Ordinal0 [0x00842411+2106385]
	Ordinal0 [0x008549C4+2181572]
	BaseThreadInitThunk [0x74F26359+25]
	RtlGetAppContainerNamedObjectPath [0x77788944+228]
	RtlGetAppContainerNamedObjectPath [0x77788914+180]
">
      <![CDATA[org.openqa.selenium.SessionNotCreatedException: session not created: This version of ChromeDriver only supports Chrome version 85
Build info: version: '3.141.59', revision: 'e82be7d358', time: '2018-11-14T08:17:03'
System info: host: 'DESKTOP-5GI3OCP', ip: '192.168.2.57', os.name: 'Windows 10', os.arch: 'amd64', os.version: '10.0', java.version: '14.0.2'
Driver info: driver.version: ChromeDriver
remote stacktrace: Backtrace:
Ordinal0 [0x0093D383+3134339]
Ordinal0 [0x0082A171+2007409]
Ordinal0 [0x006CAEE8+569064]
Ordinal0 [0x0065139F+70559]
Ordinal0 [0x0064CC63+52323]
Ordinal0 [0x00670DFC+200188]
Ordinal0 [0x00670C1D+199709]
Ordinal0 [0x0066EB0B+191243]
Ordinal0 [0x00652E77+77431]
Ordinal0 [0x00653E3E+81470]
Ordinal0 [0x00653DC9+81353]
Ordinal0 [0x00840CD9+2100441]
GetHandleVerifier [0x00AAB75A+1396954]
GetHandleVerifier [0x00AAB3D9+1396057]
GetHandleVerifier [0x00AB7126+1444518]
GetHandleVerifier [0x00AABCE8+1398376]
Ordinal0 [0x00837F51+2064209]
Ordinal0 [0x008422EB+2106091]
Ordinal0 [0x00842411+2106385]
Ordinal0 [0x008549C4+2181572]
BaseThreadInitThunk [0x74F26359+25]
RtlGetAppContainerNamedObjectPath [0x77788944+228]
RtlGetAppContainerNamedObjectPath [0x77788914+180]

at org.openqa.selenium.remote.W3CHandshakeResponse.lambda$errorHandler$0(W3CHandshakeResponse.java:62)
at org.openqa.selenium.remote.HandshakeResponse.lambda$getResponseFunction$0(HandshakeResponse.java:30)
at org.openqa.selenium.remote.ProtocolHandshake.lambda$createSession$0(ProtocolHandshake.java:126)
at java.base/java.util.stream.ReferencePipeline$3$1.accept(ReferencePipeline.java:195)
at java.base/java.util.Spliterators$ArraySpliterator.tryAdvance(Spliterators.java:958)
at java.base/java.util.stream.ReferencePipeline.forEachWithCancel(ReferencePipeline.java:127)
at java.base/java.util.stream.AbstractPipeline.copyIntoWithCancel(AbstractPipeline.java:502)
at java.base/java.util.stream.AbstractPipeline.copyInto(AbstractPipeline.java:488)
at java.base/java.util.stream.AbstractPipeline.wrapAndCopyInto(AbstractPipeline.java:474)
at java.base/java.util.stream.FindOps$FindOp.evaluateSequential(FindOps.java:150)
at java.base/java.util.stream.AbstractPipeline.evaluate(AbstractPipeline.java:234)
at java.base/java.util.stream.ReferencePipeline.findFirst(ReferencePipeline.java:543)
at org.openqa.selenium.remote.ProtocolHandshake.createSession(ProtocolHandshake.java:128)
at org.openqa.selenium.remote.ProtocolHandshake.createSession(ProtocolHandshake.java:74)
at org.openqa.selenium.remote.HttpCommandExecutor.execute(HttpCommandExecutor.java:136)
at org.openqa.selenium.remote.service.DriverCommandExecutor.execute(DriverCommandExecutor.java:83)
at org.openqa.selenium.remote.RemoteWebDriver.execute(RemoteWebDriver.java:552)
at org.openqa.selenium.remote.RemoteWebDriver.startSession(RemoteWebDriver.java:213)
at org.openqa.selenium.remote.RemoteWebDriver.<init>(RemoteWebDriver.java:131)
at org.openqa.selenium.chrome.ChromeDriver.<init>(ChromeDriver.java:181)
at org.openqa.selenium.chrome.ChromeDriver.<init>(ChromeDriver.java:168)
at org.openqa.selenium.chrome.ChromeDriver.<init>(ChromeDriver.java:123)
at pages.LoginPage.openBrowser(LoginPage.java:64)
at test.LoginTest.beforeMethod(LoginTest.java:42)
... Removed 33 stack frames]]>
    </failure>
  </testcase> <!-- @BeforeMethod beforeMethod -->
  <testcase classname="test.LoginTest" name="@AfterMethod afterMethod" time="0.0">
    <skipped/>
  </testcase> <!-- @AfterMethod afterMethod -->
  <testcase classname="test.LoginTest" name="@BeforeMethod beforeMethod" time="0.0">
    <skipped/>
  </testcase> <!-- @BeforeMethod beforeMethod -->
  <testcase classname="test.LoginTest" name="@AfterMethod afterMethod" time="0.0">
    <skipped/>
  </testcase> <!-- @AfterMethod afterMethod -->
  <testcase classname="test.LoginTest" name="loginwithWrongPasswordTest" time="0.0">
    <skipped/>
  </testcase> <!-- loginwithWrongPasswordTest -->
  <testcase classname="test.LoginTest" name="loginwithWrongEmail" time="0.0">
    <skipped/>
  </testcase> <!-- loginwithWrongEmail -->
</testsuite> <!-- Test -->
